 [05-Jul-2026 12:01:37 UTC] PHP Fatal error:  Uncaught mysqli_sql_exception: Unknown column 'periode' in 'field list' in C:\laragon\www\kasuari\actions\hatibinwasbid\proses.php:19
Stack trace:
#0 C:\laragon\www\kasuari\actions\hatibinwasbid\proses.php(19): mysqli_query(Object(mysqli), 'INSERT INTO hat...')
#1 {main}
  thrown in C:\laragon\www\kasuari\actions\hatibinwasbid\proses.php on line 19
[05-Jul-2026 14:13:21 UTC] PHP Fatal error:  Uncaught mysqli_sql_exception: Unknown column 'periode' in 'field list' in C:\laragon\www\kasuari\actions\hatibinwasbid\proses.php:19
Stack trace:
#0 C:\laragon\www\kasuari\actions\hatibinwasbid\proses.php(19): mysqli_query(Object(mysqli), 'INSERT INTO hat...')
#1 {main}
  thrown in C:\laragon\www\kasuari\actions\hatibinwasbid\proses.php on line 19
[05-Jul-2026 14:14:49 UTC] PHP Fatal error:  Uncaught mysqli_sql_exception: Unknown column 'periode' in 'field list' in C:\laragon\www\kasuari\actions\hatibinwasbid\proses.php:19
Stack trace:
#0 C:\laragon\www\kasuari\actions\hatibinwasbid\proses.php(19): mysqli_query(Object(mysqli), 'INSERT INTO hat...')
#1 {main}
  thrown in C:\laragon\www\kasuari\actions\hatibinwasbid\proses.php on line 19
[05-Jul-2026 14:15:33 UTC] PHP Fatal error:  Uncaught mysqli_sql_exception: Unknown column 'periode' in 'field list' in C:\laragon\www\kasuari\actions\hatibinwasbid\proses.php:19
Stack trace:
#0 C:\laragon\www\kasuari\actions\hatibinwasbid\proses.php(19): mysqli_query(Object(mysqli), 'INSERT INTO hat...')
#1 {main}
  thrown in C:\laragon\www\kasuari\actions\hatibinwasbid\proses.php on line 19
